c:\users\volaric\documents\visual studio 2015\projects\guess_number\guess_number\debug\guess_number.pch
c:\users\volaric\documents\visual studio 2015\projects\guess_number\guess_number\debug\vc140.pdb
c:\users\volaric\documents\visual studio 2015\projects\guess_number\guess_number\debug\vc140.idb
c:\users\volaric\documents\visual studio 2015\projects\guess_number\guess_number\debug\stdafx.obj
c:\users\volaric\documents\visual studio 2015\projects\guess_number\guess_number\debug\guess_number.obj
c:\users\volaric\documents\visual studio 2015\projects\guess_number\debug\guess_number.ilk
c:\users\volaric\documents\visual studio 2015\projects\guess_number\debug\guess_number.exe
c:\users\volaric\documents\visual studio 2015\projects\guess_number\debug\guess_number.pdb
e:\diy\it\guess_number\guess_number\debug\guess_number.obj
e:\diy\it\guess_number\guess_number\debug\stdafx.obj
e:\diy\it\guess_number\guess_number\debug\guess_number.pch
e:\diy\it\guess_number\guess_number\debug\vc140.idb
e:\diy\it\guess_number\guess_number\debug\vc140.pdb
e:\diy\it\guess_number\debug\guess_number.pdb
e:\diy\it\guess_number\debug\guess_number.exe
e:\diy\it\guess_number\debug\guess_number.ilk
e:\diy\it\guess_number\guess_number\debug\guess_number.tlog\cl.command.1.tlog
e:\diy\it\guess_number\guess_number\debug\guess_number.tlog\cl.read.1.tlog
e:\diy\it\guess_number\guess_number\debug\guess_number.tlog\cl.write.1.tlog
e:\diy\it\guess_number\guess_number\debug\guess_number.tlog\link.command.1.tlog
e:\diy\it\guess_number\guess_number\debug\guess_number.tlog\link.read.1.tlog
e:\diy\it\guess_number\guess_number\debug\guess_number.tlog\link.write.1.tlog
